
8월 28, 2019 08:41:06.42 NEW SESSION
8월 28, 2019 08:41:06.42 [13412:900:0828/084106.424:ERROR:browser_process_sub_thread.cc(203)] Waited 214 ms for network service
8월 28, 2019 09:19:20.74 [7908:1568:0828/091920.740:ERROR:browser_process_sub_thread.cc(203)] Waited 175 ms for network service
8월 28, 2019 13:15:35.92 [16080:4892:0828/131535.925:ERROR:browser_process_sub_thread.cc(203)] Waited 353 ms for network service
8월 28, 2019 13:19:01.90 [5560:16356:0828/131901.907:ERROR:browser_process_sub_thread.cc(203)] Waited 300 ms for network service

8월 29, 2019 13:21:19.09 NEW SESSION
8월 29, 2019 13:21:19.09 [13004:4116:0829/132119.088:ERROR:CONSOLE(742)] "Failed to execute 'postMessage' on 'DOMWindow': The target origin provided ('https://www.google.com') does not match the recipient window's origin ('chrome-search://local-ntp').", source: chrome-search://most-visited/single.js (742)
8월 29, 2019 14:26:08.48 [13004:9028:0829/142608.485:ERROR:browser_process_sub_thread.cc(203)] Waited 324 ms for network service

8월 29, 2019 17:14:24.94 NEW SESSION
8월 29, 2019 17:14:24.94 [10816:15928:0829/171424.942:ERROR:browser_process_sub_thread.cc(203)] Waited 284 ms for network service

8월 30, 2019 10:43:46.62 NEW SESSION
8월 30, 2019 10:43:46.62 [7780:15392:0830/104346.620:ERROR:browser_process_sub_thread.cc(203)] Waited 307 ms for network service

8월 30, 2019 14:10:34.42 NEW SESSION
8월 30, 2019 14:10:34.42 [14852:14936:0830/141034.421:ERROR:CONSOLE(0)] "TypeError: Cannot read property 'expanded' of null", source:  (0)
8월 30, 2019 14:10:34.53 [14852:14936:0830/141034.534:ERROR:CONSOLE(0)] "TypeError: Cannot read property 'expanded' of null", source:  (0)
8월 30, 2019 14:10:34.64 [14852:14936:0830/141034.645:ERROR:CONSOLE(0)] "TypeError: Cannot read property 'expanded' of null", source:  (0)
8월 30, 2019 14:10:34.76 [14852:14936:0830/141034.765:ERROR:CONSOLE(0)] "TypeError: Cannot read property 'expanded' of null", source:  (0)
8월 30, 2019 14:10:34.88 [14852:14936:0830/141034.886:ERROR:CONSOLE(0)] "TypeError: Cannot read property 'expanded' of null", source:  (0)
8월 30, 2019 14:10:35.15 [14852:14936:0830/141035.151:ERROR:CONSOLE(0)] "TypeError: Cannot read property 'expanded' of null", source:  (0)
8월 30, 2019 14:10:35.26 [14852:14936:0830/141035.265:ERROR:CONSOLE(0)] "TypeError: Cannot read property 'expanded' of null", source:  (0)
8월 30, 2019 14:12:22.97 [14852:14936:0830/141222.969:ERROR:CONSOLE(0)] "TypeError: Cannot read property 'expanded' of null", source:  (0)
8월 30, 2019 14:12:23.07 [14852:14936:0830/141223.077:ERROR:CONSOLE(0)] "TypeError: Cannot read property 'expanded' of null", source:  (0)
8월 30, 2019 14:12:23.19 [14852:14936:0830/141223.195:ERROR:CONSOLE(0)] "TypeError: Cannot read property 'expanded' of null", source:  (0)
8월 30, 2019 14:12:23.30 [14852:14936:0830/141223.305:ERROR:CONSOLE(0)] "TypeError: Cannot read property 'expanded' of null", source:  (0)
8월 30, 2019 14:12:23.41 [14852:14936:0830/141223.409:ERROR:CONSOLE(0)] "TypeError: Cannot read property 'expanded' of null", source:  (0)
8월 30, 2019 14:12:23.51 [14852:14936:0830/141223.517:ERROR:CONSOLE(0)] "TypeError: Cannot read property 'expanded' of null", source:  (0)
8월 30, 2019 14:12:23.63 [14852:14936:0830/141223.635:ERROR:CONSOLE(0)] "TypeError: Cannot read property 'expanded' of null", source:  (0)
8월 30, 2019 14:12:23.74 [14852:14936:0830/141223.742:ERROR:CONSOLE(0)] "TypeError: Cannot read property 'expanded' of null", source:  (0)
8월 30, 2019 14:12:23.94 [14852:14936:0830/141223.945:ERROR:CONSOLE(0)] "TypeError: Cannot read property 'expanded' of null", source:  (0)
8월 30, 2019 14:12:24.05 [14852:14936:0830/141224.056:ERROR:CONSOLE(0)] "TypeError: Cannot read property 'expanded' of null", source:  (0)
8월 30, 2019 14:12:24.40 [14852:14936:0830/141224.406:ERROR:CONSOLE(0)] "TypeError: Cannot read property 'expanded' of null", source:  (0)
8월 30, 2019 14:12:24.51 [14852:14936:0830/141224.512:ERROR:CONSOLE(0)] "TypeError: Cannot read property 'expanded' of null", source:  (0)
8월 30, 2019 14:12:24.62 [14852:14936:0830/141224.625:ERROR:CONSOLE(0)] "TypeError: Cannot read property 'expanded' of null", source:  (0)
8월 30, 2019 14:12:28.52 [14852:14936:0830/141228.519:ERROR:CONSOLE(0)] "TypeError: Cannot read property 'expanded' of null", source:  (0)
8월 30, 2019 14:12:28.65 [14852:14936:0830/141228.651:ERROR:CONSOLE(0)] "TypeError: Cannot read property 'expanded' of null", source:  (0)
8월 30, 2019 14:12:28.75 [14852:14936:0830/141228.759:ERROR:CONSOLE(0)] "TypeError: Cannot read property 'expanded' of null", source:  (0)
8월 30, 2019 14:12:28.89 [14852:14936:0830/141228.892:ERROR:CONSOLE(0)] "TypeError: Cannot read property 'expanded' of null", source:  (0)
8월 30, 2019 14:12:29.02 [14852:14936:0830/141229.029:ERROR:CONSOLE(0)] "TypeError: Cannot read property 'expanded' of null", source:  (0)
8월 30, 2019 14:12:29.14 [14852:14936:0830/141229.143:ERROR:CONSOLE(0)] "TypeError: Cannot read property 'expanded' of null", source:  (0)
8월 30, 2019 14:12:29.30 [14852:14936:0830/141229.309:ERROR:CONSOLE(0)] "TypeError: Cannot read property 'expanded' of null", source:  (0)
8월 30, 2019 14:12:29.43 [14852:14936:0830/141229.431:ERROR:CONSOLE(0)] "TypeError: Cannot read property 'expanded' of null", source:  (0)
8월 30, 2019 14:12:29.56 [14852:14936:0830/141229.565:ERROR:CONSOLE(0)] "TypeError: Cannot read property 'expanded' of null", source:  (0)
8월 30, 2019 14:12:29.73 [14852:14936:0830/141229.738:ERROR:CONSOLE(0)] "TypeError: Cannot read property 'expanded' of null", source:  (0)
8월 30, 2019 14:12:29.85 [14852:14936:0830/141229.858:ERROR:CONSOLE(0)] "TypeError: Cannot read property 'expanded' of null", source:  (0)
8월 30, 2019 14:12:30.04 [14852:14936:0830/141230.045:ERROR:CONSOLE(0)] "TypeError: Cannot read property 'expanded' of null", source:  (0)
8월 30, 2019 14:12:30.23 [14852:14936:0830/141230.236:ERROR:CONSOLE(0)] "TypeError: Cannot read property 'expanded' of null", source:  (0)
8월 30, 2019 14:12:30.34 [14852:14936:0830/141230.347:ERROR:CONSOLE(0)] "TypeError: Cannot read property 'expanded' of null", source:  (0)
8월 30, 2019 14:12:30.52 [14852:14936:0830/141230.524:ERROR:CONSOLE(0)] "TypeError: Cannot read property 'expanded' of null", source:  (0)
8월 30, 2019 14:12:30.87 [14852:14936:0830/141230.872:ERROR:CONSOLE(0)] "TypeError: Cannot read property 'expanded' of null", source:  (0)
8월 30, 2019 14:12:30.98 [14852:14936:0830/141230.981:ERROR:CONSOLE(0)] "TypeError: Cannot read property 'expanded' of null", source:  (0)
8월 30, 2019 14:12:31.09 [14852:14936:0830/141231.095:ERROR:CONSOLE(0)] "TypeError: Cannot read property 'expanded' of null", source:  (0)
8월 30, 2019 14:12:31.21 [14852:14936:0830/141231.215:ERROR:CONSOLE(0)] "TypeError: Cannot read property 'expanded' of null", source:  (0)
8월 30, 2019 14:12:31.34 [14852:14936:0830/141231.340:ERROR:CONSOLE(0)] "TypeError: Cannot read property 'expanded' of null", source:  (0)
8월 30, 2019 14:12:31.64 [14852:14936:0830/141231.645:ERROR:CONSOLE(0)] "TypeError: Cannot read property 'expanded' of null", source:  (0)
8월 30, 2019 14:12:31.75 [14852:14936:0830/141231.756:ERROR:CONSOLE(0)] "TypeError: Cannot read property 'expanded' of null", source:  (0)
8월 30, 2019 14:12:31.87 [14852:14936:0830/141231.872:ERROR:CONSOLE(0)] "TypeError: Cannot read property 'expanded' of null", source:  (0)
8월 30, 2019 14:12:32.15 [14852:14936:0830/141232.149:ERROR:CONSOLE(0)] "TypeError: Cannot read property 'expanded' of null", source:  (0)
8월 30, 2019 14:12:32.26 [14852:14936:0830/141232.260:ERROR:CONSOLE(0)] "TypeError: Cannot read property 'expanded' of null", source:  (0)
8월 30, 2019 14:12:36.82 [14852:14936:0830/141236.821:ERROR:CONSOLE(0)] "TypeError: Cannot read property 'expanded' of null", source:  (0)
8월 30, 2019 14:12:36.93 [14852:14936:0830/141236.936:ERROR:CONSOLE(0)] "TypeError: Cannot read property 'expanded' of null", source:  (0)
8월 30, 2019 14:12:37.03 [14852:14936:0830/141237.037:ERROR:CONSOLE(0)] "TypeError: Cannot read property 'expanded' of null", source:  (0)
8월 30, 2019 14:12:37.15 [14852:14936:0830/141237.155:ERROR:CONSOLE(0)] "TypeError: Cannot read property 'expanded' of null", source:  (0)
8월 30, 2019 14:12:37.31 [14852:14936:0830/141237.315:ERROR:CONSOLE(0)] "TypeError: Cannot read property 'expanded' of null", source:  (0)
8월 30, 2019 14:12:37.42 [14852:14936:0830/141237.426:ERROR:CONSOLE(0)] "TypeError: Cannot read property 'expanded' of null", source:  (0)
8월 30, 2019 14:12:48.65 [14852:14936:0830/141248.649:ERROR:CONSOLE(0)] "TypeError: Cannot read property 'expanded' of null", source:  (0)
8월 30, 2019 14:12:48.77 [14852:14936:0830/141248.778:ERROR:CONSOLE(0)] "TypeError: Cannot read property 'expanded' of null", source:  (0)
8월 30, 2019 14:12:48.89 [14852:14936:0830/141248.894:ERROR:CONSOLE(0)] "TypeError: Cannot read property 'expanded' of null", source:  (0)
8월 30, 2019 14:12:49.19 [14852:14936:0830/141249.190:ERROR:CONSOLE(0)] "TypeError: Cannot read property 'expanded' of null", source:  (0)
8월 30, 2019 14:12:49.30 [14852:14936:0830/141249.308:ERROR:CONSOLE(0)] "TypeError: Cannot read property 'expanded' of null", source:  (0)
8월 30, 2019 14:12:49.41 [14852:14936:0830/141249.412:ERROR:CONSOLE(0)] "TypeError: Cannot read property 'expanded' of null", source:  (0)
8월 30, 2019 14:12:49.51 [14852:14936:0830/141249.514:ERROR:CONSOLE(0)] "TypeError: Cannot read property 'expanded' of null", source:  (0)
8월 30, 2019 14:12:49.64 [14852:14936:0830/141249.645:ERROR:CONSOLE(0)] "TypeError: Cannot read property 'expanded' of null", source:  (0)
8월 30, 2019 14:12:49.81 [14852:14936:0830/141249.812:ERROR:CONSOLE(0)] "TypeError: Cannot read property 'expanded' of null", source:  (0)
8월 30, 2019 14:12:49.91 [14852:14936:0830/141249.917:ERROR:CONSOLE(0)] "TypeError: Cannot read property 'expanded' of null", source:  (0)
8월 30, 2019 14:12:50.07 [14852:14936:0830/141250.075:ERROR:CONSOLE(0)] "TypeError: Cannot read property 'expanded' of null", source:  (0)
8월 30, 2019 14:21:48.61 [14852:14936:0830/142148.615:ERROR:CONSOLE(0)] "TypeError: Cannot read property 'expanded' of null", source:  (0)
8월 30, 2019 14:21:48.72 [14852:14936:0830/142148.725:ERROR:CONSOLE(0)] "TypeError: Cannot read property 'expanded' of null", source:  (0)
8월 30, 2019 14:22:05.12 [14852:14936:0830/142205.119:ERROR:CONSOLE(0)] "TypeError: Cannot read property 'expanded' of null", source:  (0)
8월 30, 2019 14:22:05.22 [14852:14936:0830/142205.221:ERROR:CONSOLE(0)] "TypeError: Cannot read property 'expanded' of null", source:  (0)
8월 30, 2019 14:22:05.33 [14852:14936:0830/142205.334:ERROR:CONSOLE(0)] "TypeError: Cannot read property 'expanded' of null", source:  (0)
8월 30, 2019 14:22:05.45 [14852:14936:0830/142205.449:ERROR:CONSOLE(0)] "TypeError: Cannot read property 'expanded' of null", source:  (0)
8월 30, 2019 14:22:05.55 [14852:14936:0830/142205.555:ERROR:CONSOLE(0)] "TypeError: Cannot read property 'expanded' of null", source:  (0)
8월 30, 2019 14:22:05.66 [14852:14936:0830/142205.665:ERROR:CONSOLE(0)] "TypeError: Cannot read property 'expanded' of null", source:  (0)
8월 30, 2019 14:22:05.77 [14852:14936:0830/142205.778:ERROR:CONSOLE(0)] "TypeError: Cannot read property 'expanded' of null", source:  (0)
8월 30, 2019 14:22:05.90 [14852:14936:0830/142205.899:ERROR:CONSOLE(0)] "TypeError: Cannot read property 'expanded' of null", source:  (0)
8월 30, 2019 14:22:06.01 [14852:14936:0830/142206.013:ERROR:CONSOLE(0)] "TypeError: Cannot read property 'expanded' of null", source:  (0)
8월 30, 2019 14:22:06.12 [14852:14936:0830/142206.120:ERROR:CONSOLE(0)] "TypeError: Cannot read property 'expanded' of null", source:  (0)
8월 30, 2019 14:22:09.96 [14852:14936:0830/142209.960:ERROR:CONSOLE(0)] "TypeError: Cannot read property 'expanded' of null", source:  (0)
8월 30, 2019 14:22:10.06 [14852:14936:0830/142210.065:ERROR:CONSOLE(0)] "TypeError: Cannot read property 'expanded' of null", source:  (0)
8월 30, 2019 14:22:10.17 [14852:14936:0830/142210.169:ERROR:CONSOLE(0)] "TypeError: Cannot read property 'expanded' of null", source:  (0)
8월 30, 2019 14:22:10.28 [14852:14936:0830/142210.281:ERROR:CONSOLE(0)] "TypeError: Cannot read property 'expanded' of null", source:  (0)
8월 30, 2019 14:22:10.40 [14852:14936:0830/142210.404:ERROR:CONSOLE(0)] "TypeError: Cannot read property 'expanded' of null", source:  (0)
8월 30, 2019 14:22:10.56 [14852:14936:0830/142210.559:ERROR:CONSOLE(0)] "TypeError: Cannot read property 'expanded' of null", source:  (0)
8월 30, 2019 14:22:10.68 [14852:14936:0830/142210.684:ERROR:CONSOLE(0)] "TypeError: Cannot read property 'expanded' of null", source:  (0)
8월 30, 2019 14:22:10.88 [14852:14936:0830/142210.879:ERROR:CONSOLE(0)] "TypeError: Cannot read property 'expanded' of null", source:  (0)
8월 30, 2019 14:34:23.48 [14852:14936:0830/143423.485:ERROR:CONSOLE(0)] "TypeError: Cannot read property 'expanded' of null", source:  (0)
8월 30, 2019 14:34:24.14 [14852:14936:0830/143424.147:ERROR:CONSOLE(0)] "TypeError: Cannot read property 'expanded' of null", source:  (0)
8월 30, 2019 14:34:24.28 [14852:14936:0830/143424.288:ERROR:CONSOLE(0)] "TypeError: Cannot read property 'expanded' of null", source:  (0)
8월 30, 2019 14:34:24.60 [14852:14936:0830/143424.602:ERROR:CONSOLE(0)] "TypeError: Cannot read property 'expanded' of null", source:  (0)
8월 30, 2019 14:34:24.71 [14852:14936:0830/143424.715:ERROR:CONSOLE(0)] "TypeError: Cannot read property 'expanded' of null", source:  (0)
8월 30, 2019 14:34:26.40 [14852:14936:0830/143426.403:ERROR:CONSOLE(0)] "TypeError: Cannot read property 'expanded' of null", source:  (0)
8월 30, 2019 14:34:26.55 [14852:14936:0830/143426.550:ERROR:CONSOLE(0)] "TypeError: Cannot read property 'expanded' of null", source:  (0)
8월 30, 2019 14:34:26.67 [14852:14936:0830/143426.670:ERROR:CONSOLE(0)] "TypeError: Cannot read property 'expanded' of null", source:  (0)
8월 30, 2019 14:34:26.77 [14852:14936:0830/143426.778:ERROR:CONSOLE(0)] "TypeError: Cannot read property 'expanded' of null", source:  (0)
8월 30, 2019 14:34:26.88 [14852:14936:0830/143426.886:ERROR:CONSOLE(0)] "TypeError: Cannot read property 'expanded' of null", source:  (0)
8월 30, 2019 14:34:27.00 [14852:14936:0830/143426.999:ERROR:CONSOLE(0)] "TypeError: Cannot read property 'expanded' of null", source:  (0)
8월 30, 2019 14:34:27.11 [14852:14936:0830/143427.114:ERROR:CONSOLE(0)] "TypeError: Cannot read property 'expanded' of null", source:  (0)
8월 30, 2019 14:34:27.22 [14852:14936:0830/143427.227:ERROR:CONSOLE(0)] "TypeError: Cannot read property 'expanded' of null", source:  (0)
8월 30, 2019 14:34:27.33 [14852:14936:0830/143427.329:ERROR:CONSOLE(0)] "TypeError: Cannot read property 'expanded' of null", source:  (0)
8월 30, 2019 14:34:27.43 [14852:14936:0830/143427.432:ERROR:CONSOLE(0)] "TypeError: Cannot read property 'expanded' of null", source:  (0)
8월 30, 2019 14:34:27.55 [14852:14936:0830/143427.550:ERROR:CONSOLE(0)] "TypeError: Cannot read property 'expanded' of null", source:  (0)
8월 30, 2019 14:34:28.30 [14852:14936:0830/143428.306:ERROR:CONSOLE(0)] "TypeError: Cannot read property 'expanded' of null", source:  (0)
8월 30, 2019 14:34:36.01 [14852:14936:0830/143436.009:ERROR:CONSOLE(0)] "TypeError: Cannot read property 'expanded' of null", source:  (0)
8월 30, 2019 14:34:36.12 [14852:14936:0830/143436.126:ERROR:CONSOLE(0)] "TypeError: Cannot read property 'expanded' of null", source:  (0)
8월 30, 2019 14:34:36.23 [14852:14936:0830/143436.230:ERROR:CONSOLE(0)] "TypeError: Cannot read property 'expanded' of null", source:  (0)
8월 30, 2019 14:34:36.33 [14852:14936:0830/143436.332:ERROR:CONSOLE(0)] "TypeError: Cannot read property 'expanded' of null", source:  (0)
8월 30, 2019 14:34:36.43 [14852:14936:0830/143436.438:ERROR:CONSOLE(0)] "TypeError: Cannot read property 'expanded' of null", source:  (0)
8월 30, 2019 14:34:36.54 [14852:14936:0830/143436.548:ERROR:CONSOLE(0)] "TypeError: Cannot read property 'expanded' of null", source:  (0)
8월 30, 2019 14:34:36.65 [14852:14936:0830/143436.653:ERROR:CONSOLE(0)] "TypeError: Cannot read property 'expanded' of null", source:  (0)
8월 30, 2019 14:34:36.75 [14852:14936:0830/143436.756:ERROR:CONSOLE(0)] "TypeError: Cannot read property 'expanded' of null", source:  (0)
8월 30, 2019 14:34:36.87 [14852:14936:0830/143436.877:ERROR:CONSOLE(0)] "TypeError: Cannot read property 'expanded' of null", source:  (0)
8월 30, 2019 14:34:36.99 [14852:14936:0830/143436.989:ERROR:CONSOLE(0)] "TypeError: Cannot read property 'expanded' of null", source:  (0)
8월 30, 2019 14:34:37.21 [14852:14936:0830/143437.218:ERROR:CONSOLE(0)] "TypeError: Cannot read property 'expanded' of null", source:  (0)
8월 30, 2019 14:34:37.39 [14852:14936:0830/143437.398:ERROR:CONSOLE(0)] "TypeError: Cannot read property 'expanded' of null", source:  (0)
8월 30, 2019 14:34:39.05 [14852:14936:0830/143439.048:ERROR:CONSOLE(0)] "TypeError: Cannot read property 'expanded' of null", source:  (0)
8월 30, 2019 14:34:39.15 [14852:14936:0830/143439.158:ERROR:CONSOLE(0)] "TypeError: Cannot read property 'expanded' of null", source:  (0)
8월 30, 2019 14:34:39.27 [14852:14936:0830/143439.272:ERROR:CONSOLE(0)] "TypeError: Cannot read property 'expanded' of null", source:  (0)
8월 30, 2019 14:34:39.61 [14852:14936:0830/143439.611:ERROR:CONSOLE(0)] "TypeError: Cannot read property 'expanded' of null", source:  (0)
8월 30, 2019 14:34:39.74 [14852:14936:0830/143439.740:ERROR:CONSOLE(0)] "TypeError: Cannot read property 'expanded' of null", source:  (0)
8월 30, 2019 14:34:40.70 [14852:14936:0830/143440.706:ERROR:CONSOLE(0)] "TypeError: Cannot read property 'expanded' of null", source:  (0)
8월 30, 2019 14:34:44.05 [14852:14936:0830/143444.058:ERROR:CONSOLE(0)] "TypeError: Cannot read property 'expanded' of null", source:  (0)
8월 30, 2019 14:34:44.18 [14852:14936:0830/143444.184:ERROR:CONSOLE(0)] "TypeError: Cannot read property 'expanded' of null", source:  (0)
8월 30, 2019 14:34:44.29 [14852:14936:0830/143444.295:ERROR:CONSOLE(0)] "TypeError: Cannot read property 'expanded' of null", source:  (0)
8월 30, 2019 14:34:44.40 [14852:14936:0830/143444.402:ERROR:CONSOLE(0)] "TypeError: Cannot read property 'expanded' of null", source:  (0)
8월 30, 2019 14:34:44.53 [14852:14936:0830/143444.530:ERROR:CONSOLE(0)] "TypeError: Cannot read property 'expanded' of null", source:  (0)
8월 30, 2019 14:34:44.63 [14852:14936:0830/143444.631:ERROR:CONSOLE(0)] "TypeError: Cannot read property 'expanded' of null", source:  (0)
8월 30, 2019 14:34:44.74 [14852:14936:0830/143444.745:ERROR:CONSOLE(0)] "TypeError: Cannot read property 'expanded' of null", source:  (0)
8월 30, 2019 14:34:44.86 [14852:14936:0830/143444.862:ERROR:CONSOLE(0)] "TypeError: Cannot read property 'expanded' of null", source:  (0)
8월 30, 2019 14:34:45.05 [14852:14936:0830/143445.053:ERROR:CONSOLE(0)] "TypeError: Cannot read property 'expanded' of null", source:  (0)
8월 30, 2019 14:34:45.34 [14852:14936:0830/143445.339:ERROR:CONSOLE(0)] "TypeError: Cannot read property 'expanded' of null", source:  (0)
8월 30, 2019 14:34:45.46 [14852:14936:0830/143445.462:ERROR:CONSOLE(0)] "TypeError: Cannot read property 'expanded' of null", source:  (0)
8월 30, 2019 14:34:45.56 [14852:14936:0830/143445.567:ERROR:CONSOLE(0)] "TypeError: Cannot read property 'expanded' of null", source:  (0)
8월 30, 2019 14:34:45.70 [14852:14936:0830/143445.708:ERROR:CONSOLE(0)] "TypeError: Cannot read property 'expanded' of null", source:  (0)
8월 30, 2019 14:34:45.82 [14852:14936:0830/143445.821:ERROR:CONSOLE(0)] "TypeError: Cannot read property 'expanded' of null", source:  (0)
8월 30, 2019 14:36:03.66 [14852:14936:0830/143603.660:ERROR:CONSOLE(0)] "TypeError: Cannot read property 'expanded' of null", source:  (0)
8월 30, 2019 14:36:03.78 [14852:14936:0830/143603.778:ERROR:CONSOLE(0)] "TypeError: Cannot read property 'expanded' of null", source:  (0)
8월 30, 2019 14:36:03.88 [14852:14936:0830/143603.885:ERROR:CONSOLE(0)] "TypeError: Cannot read property 'expanded' of null", source:  (0)
8월 30, 2019 14:36:03.98 [14852:14936:0830/143603.987:ERROR:CONSOLE(0)] "TypeError: Cannot read property 'expanded' of null", source:  (0)
8월 30, 2019 14:36:04.09 [14852:14936:0830/143604.098:ERROR:CONSOLE(0)] "TypeError: Cannot read property 'expanded' of null", source:  (0)
8월 30, 2019 14:36:04.20 [14852:14936:0830/143604.207:ERROR:CONSOLE(0)] "TypeError: Cannot read property 'expanded' of null", source:  (0)
8월 30, 2019 14:36:04.31 [14852:14936:0830/143604.312:ERROR:CONSOLE(0)] "TypeError: Cannot read property 'expanded' of null", source:  (0)
8월 30, 2019 14:36:04.48 [14852:14936:0830/143604.481:ERROR:CONSOLE(0)] "TypeError: Cannot read property 'expanded' of null", source:  (0)
8월 30, 2019 14:36:04.62 [14852:14936:0830/143604.624:ERROR:CONSOLE(0)] "TypeError: Cannot read property 'expanded' of null", source:  (0)
8월 30, 2019 14:42:20.57 [14852:14936:0830/144220.574:ERROR:CONSOLE(0)] "TypeError: Cannot read property 'expanded' of null", source:  (0)
8월 30, 2019 14:42:20.71 [14852:14936:0830/144220.717:ERROR:CONSOLE(0)] "TypeError: Cannot read property 'expanded' of null", source:  (0)
8월 30, 2019 14:42:20.83 [14852:14936:0830/144220.829:ERROR:CONSOLE(0)] "TypeError: Cannot read property 'expanded' of null", source:  (0)
8월 30, 2019 14:42:20.95 [14852:14936:0830/144220.950:ERROR:CONSOLE(0)] "TypeError: Cannot read property 'expanded' of null", source:  (0)
8월 30, 2019 14:42:21.07 [14852:14936:0830/144221.074:ERROR:CONSOLE(0)] "TypeError: Cannot read property 'expanded' of null", source:  (0)
8월 30, 2019 14:42:21.23 [14852:14936:0830/144221.239:ERROR:CONSOLE(0)] "TypeError: Cannot read property 'expanded' of null", source:  (0)
8월 30, 2019 14:42:21.37 [14852:14936:0830/144221.370:ERROR:CONSOLE(0)] "TypeError: Cannot read property 'expanded' of null", source:  (0)
8월 30, 2019 14:42:21.48 [14852:14936:0830/144221.488:ERROR:CONSOLE(0)] "TypeError: Cannot read property 'expanded' of null", source:  (0)
8월 30, 2019 14:42:21.60 [14852:14936:0830/144221.606:ERROR:CONSOLE(0)] "TypeError: Cannot read property 'expanded' of null", source:  (0)
8월 30, 2019 14:42:21.75 [14852:14936:0830/144221.753:ERROR:CONSOLE(0)] "TypeError: Cannot read property 'expanded' of null", source:  (0)
8월 30, 2019 14:42:22.04 [14852:14936:0830/144222.044:ERROR:CONSOLE(0)] "TypeError: Cannot read property 'expanded' of null", source:  (0)
8월 30, 2019 14:42:22.16 [14852:14936:0830/144222.166:ERROR:CONSOLE(0)] "TypeError: Cannot read property 'expanded' of null", source:  (0)
8월 30, 2019 14:42:22.32 [14852:14936:0830/144222.323:ERROR:CONSOLE(0)] "TypeError: Cannot read property 'expanded' of null", source:  (0)
8월 30, 2019 14:42:22.45 [14852:14936:0830/144222.451:ERROR:CONSOLE(0)] "TypeError: Cannot read property 'expanded' of null", source:  (0)
8월 30, 2019 14:42:22.57 [14852:14936:0830/144222.578:ERROR:CONSOLE(0)] "TypeError: Cannot read property 'expanded' of null", source:  (0)
8월 30, 2019 14:42:22.72 [14852:14936:0830/144222.722:ERROR:CONSOLE(0)] "TypeError: Cannot read property 'expanded' of null", source:  (0)
8월 30, 2019 14:42:22.85 [14852:14936:0830/144222.852:ERROR:CONSOLE(0)] "TypeError: Cannot read property 'expanded' of null", source:  (0)
8월 30, 2019 14:42:22.97 [14852:14936:0830/144222.971:ERROR:CONSOLE(0)] "TypeError: Cannot read property 'expanded' of null", source:  (0)
8월 30, 2019 14:42:23.08 [14852:14936:0830/144223.088:ERROR:CONSOLE(0)] "TypeError: Cannot read property 'expanded' of null", source:  (0)
8월 30, 2019 14:42:23.20 [14852:14936:0830/144223.204:ERROR:CONSOLE(0)] "TypeError: Cannot read property 'expanded' of null", source:  (0)
8월 30, 2019 14:42:23.40 [14852:14936:0830/144223.403:ERROR:CONSOLE(0)] "TypeError: Cannot read property 'expanded' of null", source:  (0)
8월 30, 2019 14:42:24.38 [14852:14936:0830/144224.380:ERROR:CONSOLE(0)] "TypeError: Cannot read property 'expanded' of null", source:  (0)
8월 30, 2019 14:42:24.49 [14852:14936:0830/144224.498:ERROR:CONSOLE(0)] "TypeError: Cannot read property 'expanded' of null", source:  (0)
8월 30, 2019 14:42:24.61 [14852:14936:0830/144224.609:ERROR:CONSOLE(0)] "TypeError: Cannot read property 'expanded' of null", source:  (0)
8월 30, 2019 14:42:24.77 [14852:14936:0830/144224.773:ERROR:CONSOLE(0)] "TypeError: Cannot read property 'expanded' of null", source:  (0)
8월 30, 2019 14:42:24.90 [14852:14936:0830/144224.907:ERROR:CONSOLE(0)] "TypeError: Cannot read property 'expanded' of null", source:  (0)
8월 30, 2019 14:42:25.06 [14852:14936:0830/144225.067:ERROR:CONSOLE(0)] "TypeError: Cannot read property 'expanded' of null", source:  (0)
8월 30, 2019 14:42:25.18 [14852:14936:0830/144225.183:ERROR:CONSOLE(0)] "TypeError: Cannot read property 'expanded' of null", source:  (0)
8월 30, 2019 14:42:25.30 [14852:14936:0830/144225.301:ERROR:CONSOLE(0)] "TypeError: Cannot read property 'expanded' of null", source:  (0)
8월 30, 2019 14:42:26.12 [14852:14936:0830/144226.121:ERROR:CONSOLE(0)] "TypeError: Cannot read property 'expanded' of null", source:  (0)
8월 30, 2019 14:42:26.24 [14852:14936:0830/144226.243:ERROR:CONSOLE(0)] "TypeError: Cannot read property 'expanded' of null", source:  (0)
8월 30, 2019 14:42:26.35 [14852:14936:0830/144226.352:ERROR:CONSOLE(0)] "TypeError: Cannot read property 'expanded' of null", source:  (0)
8월 30, 2019 14:42:26.46 [14852:14936:0830/144226.468:ERROR:CONSOLE(0)] "TypeError: Cannot read property 'expanded' of null", source:  (0)
8월 30, 2019 14:42:26.58 [14852:14936:0830/144226.581:ERROR:CONSOLE(0)] "TypeError: Cannot read property 'expanded' of null", source:  (0)
8월 30, 2019 14:42:26.72 [14852:14936:0830/144226.724:ERROR:CONSOLE(0)] "TypeError: Cannot read property 'expanded' of null", source:  (0)
8월 30, 2019 14:42:26.86 [14852:14936:0830/144226.867:ERROR:CONSOLE(0)] "TypeError: Cannot read property 'expanded' of null", source:  (0)
8월 30, 2019 14:42:27.14 [14852:14936:0830/144227.144:ERROR:CONSOLE(0)] "TypeError: Cannot read property 'expanded' of null", source:  (0)
8월 30, 2019 14:42:27.27 [14852:14936:0830/144227.275:ERROR:CONSOLE(0)] "TypeError: Cannot read property 'expanded' of null", source:  (0)
8월 30, 2019 14:42:27.39 [14852:14936:0830/144227.390:ERROR:CONSOLE(0)] "TypeError: Cannot read property 'expanded' of null", source:  (0)
8월 30, 2019 14:42:27.50 [14852:14936:0830/144227.503:ERROR:CONSOLE(0)] "TypeError: Cannot read property 'expanded' of null", source:  (0)
8월 30, 2019 14:42:27.64 [14852:14936:0830/144227.640:ERROR:CONSOLE(0)] "TypeError: Cannot read property 'expanded' of null", source:  (0)
8월 30, 2019 14:42:27.76 [14852:14936:0830/144227.764:ERROR:CONSOLE(0)] "TypeError: Cannot read property 'expanded' of null", source:  (0)
8월 30, 2019 14:42:27.87 [14852:14936:0830/144227.876:ERROR:CONSOLE(0)] "TypeError: Cannot read property 'expanded' of null", source:  (0)
8월 30, 2019 14:42:27.99 [14852:14936:0830/144227.994:ERROR:CONSOLE(0)] "TypeError: Cannot read property 'expanded' of null", source:  (0)
8월 30, 2019 14:42:28.10 [14852:14936:0830/144228.103:ERROR:CONSOLE(0)] "TypeError: Cannot read property 'expanded' of null", source:  (0)
8월 30, 2019 14:42:28.23 [14852:14936:0830/144228.236:ERROR:CONSOLE(0)] "TypeError: Cannot read property 'expanded' of null", source:  (0)
8월 30, 2019 14:42:28.34 [14852:14936:0830/144228.343:ERROR:CONSOLE(0)] "TypeError: Cannot read property 'expanded' of null", source:  (0)
8월 30, 2019 14:42:28.46 [14852:14936:0830/144228.461:ERROR:CONSOLE(0)] "TypeError: Cannot read property 'expanded' of null", source:  (0)
8월 30, 2019 14:42:28.58 [14852:14936:0830/144228.588:ERROR:CONSOLE(0)] "TypeError: Cannot read property 'expanded' of null", source:  (0)
8월 30, 2019 14:42:28.70 [14852:14936:0830/144228.699:ERROR:CONSOLE(0)] "TypeError: Cannot read property 'expanded' of null", source:  (0)
8월 30, 2019 14:42:28.83 [14852:14936:0830/144228.835:ERROR:CONSOLE(0)] "TypeError: Cannot read property 'expanded' of null", source:  (0)
8월 30, 2019 14:42:28.95 [14852:14936:0830/144228.950:ERROR:CONSOLE(0)] "TypeError: Cannot read property 'expanded' of null", source:  (0)
8월 30, 2019 14:42:29.05 [14852:14936:0830/144229.059:ERROR:CONSOLE(0)] "TypeError: Cannot read property 'expanded' of null", source:  (0)
8월 30, 2019 14:42:29.37 [14852:14936:0830/144229.378:ERROR:CONSOLE(0)] "TypeError: Cannot read property 'expanded' of null", source:  (0)
8월 30, 2019 14:42:29.48 [14852:14936:0830/144229.485:ERROR:CONSOLE(0)] "TypeError: Cannot read property 'expanded' of null", source:  (0)
8월 30, 2019 14:42:29.66 [14852:14936:0830/144229.668:ERROR:CONSOLE(0)] "TypeError: Cannot read property 'expanded' of null", source:  (0)
8월 30, 2019 14:42:29.78 [14852:14936:0830/144229.787:ERROR:CONSOLE(0)] "TypeError: Cannot read property 'expanded' of null", source:  (0)
8월 30, 2019 14:43:24.47 [14852:14936:0830/144324.474:ERROR:CONSOLE(0)] "TypeError: Cannot read property 'expanded' of null", source:  (0)
8월 30, 2019 14:43:25.05 [14852:14936:0830/144325.051:ERROR:CONSOLE(0)] "TypeError: Cannot read property 'expanded' of null", source:  (0)
8월 30, 2019 14:43:25.15 [14852:14936:0830/144325.157:ERROR:CONSOLE(0)] "TypeError: Cannot read property 'expanded' of null", source:  (0)
8월 30, 2019 14:43:25.26 [14852:14936:0830/144325.262:ERROR:CONSOLE(0)] "TypeError: Cannot read property 'expanded' of null", source:  (0)
8월 30, 2019 14:43:25.38 [14852:14936:0830/144325.385:ERROR:CONSOLE(0)] "TypeError: Cannot read property 'expanded' of null", source:  (0)
8월 30, 2019 14:43:25.50 [14852:14936:0830/144325.500:ERROR:CONSOLE(0)] "TypeError: Cannot read property 'expanded' of null", source:  (0)
8월 30, 2019 14:43:25.61 [14852:14936:0830/144325.615:ERROR:CONSOLE(0)] "TypeError: Cannot read property 'expanded' of null", source:  (0)
8월 30, 2019 14:43:25.80 [14852:14936:0830/144325.806:ERROR:CONSOLE(0)] "TypeError: Cannot read property 'expanded' of null", source:  (0)
8월 30, 2019 14:43:25.94 [14852:14936:0830/144325.945:ERROR:CONSOLE(0)] "TypeError: Cannot read property 'expanded' of null", source:  (0)
8월 30, 2019 14:43:26.71 [14852:14936:0830/144326.719:ERROR:CONSOLE(0)] "TypeError: Cannot read property 'expanded' of null", source:  (0)
8월 30, 2019 14:43:26.88 [14852:14936:0830/144326.883:ERROR:CONSOLE(0)] "TypeError: Cannot read property 'expanded' of null", source:  (0)
8월 30, 2019 14:43:27.11 [14852:14936:0830/144327.114:ERROR:CONSOLE(0)] "TypeError: Cannot read property 'expanded' of null", source:  (0)
8월 30, 2019 14:43:27.33 [14852:14936:0830/144327.334:ERROR:CONSOLE(0)] "TypeError: Cannot read property 'expanded' of null", source:  (0)
8월 30, 2019 14:43:27.43 [14852:14936:0830/144327.439:ERROR:CONSOLE(0)] "TypeError: Cannot read property 'expanded' of null", source:  (0)
8월 30, 2019 14:43:27.61 [14852:14936:0830/144327.611:ERROR:CONSOLE(0)] "TypeError: Cannot read property 'expanded' of null", source:  (0)
8월 30, 2019 14:43:27.72 [14852:14936:0830/144327.723:ERROR:CONSOLE(0)] "TypeError: Cannot read property 'expanded' of null", source:  (0)
8월 30, 2019 14:43:27.84 [14852:14936:0830/144327.840:ERROR:CONSOLE(0)] "TypeError: Cannot read property 'expanded' of null", source:  (0)
8월 30, 2019 14:43:27.96 [14852:14936:0830/144327.960:ERROR:CONSOLE(0)] "TypeError: Cannot read property 'expanded' of null", source:  (0)
8월 30, 2019 14:43:30.94 [14852:14936:0830/144330.944:ERROR:CONSOLE(0)] "TypeError: Cannot read property 'expanded' of null", source:  (0)
8월 30, 2019 14:43:31.05 [14852:14936:0830/144331.053:ERROR:CONSOLE(0)] "TypeError: Cannot read property 'expanded' of null", source:  (0)
8월 30, 2019 14:43:51.15 [14852:14936:0830/144351.154:ERROR:CONSOLE(0)] "TypeError: Cannot read property 'expanded' of null", source:  (0)
8월 30, 2019 14:43:51.27 [14852:14936:0830/144351.279:ERROR:CONSOLE(0)] "TypeError: Cannot read property 'expanded' of null", source:  (0)
8월 30, 2019 14:43:51.40 [14852:14936:0830/144351.407:ERROR:CONSOLE(0)] "TypeError: Cannot read property 'expanded' of null", source:  (0)
8월 30, 2019 14:43:51.56 [14852:14936:0830/144351.560:ERROR:CONSOLE(0)] "TypeError: Cannot read property 'expanded' of null", source:  (0)
8월 30, 2019 14:43:52.73 [14852:14936:0830/144352.733:ERROR:CONSOLE(0)] "TypeError: Cannot read property 'expanded' of null", source:  (0)
8월 30, 2019 14:43:52.85 [14852:14936:0830/144352.849:ERROR:CONSOLE(0)] "TypeError: Cannot read property 'expanded' of null", source:  (0)
8월 30, 2019 14:43:52.95 [14852:14936:0830/144352.956:ERROR:CONSOLE(0)] "TypeError: Cannot read property 'expanded' of null", source:  (0)
8월 30, 2019 14:43:53.10 [14852:14936:0830/144353.104:ERROR:CONSOLE(0)] "TypeError: Cannot read property 'expanded' of null", source:  (0)
8월 30, 2019 14:43:53.24 [14852:14936:0830/144353.241:ERROR:CONSOLE(0)] "TypeError: Cannot read property 'expanded' of null", source:  (0)
8월 30, 2019 14:43:53.41 [14852:14936:0830/144353.415:ERROR:CONSOLE(0)] "TypeError: Cannot read property 'expanded' of null", source:  (0)
8월 30, 2019 14:43:53.61 [14852:14936:0830/144353.616:ERROR:CONSOLE(0)] "TypeError: Cannot read property 'expanded' of null", source:  (0)
8월 30, 2019 14:43:53.73 [14852:14936:0830/144353.737:ERROR:CONSOLE(0)] "TypeError: Cannot read property 'expanded' of null", source:  (0)
8월 30, 2019 14:43:53.91 [14852:14936:0830/144353.916:ERROR:CONSOLE(0)] "TypeError: Cannot read property 'expanded' of null", source:  (0)
8월 30, 2019 14:43:54.03 [14852:14936:0830/144354.033:ERROR:CONSOLE(0)] "TypeError: Cannot read property 'expanded' of null", source:  (0)
8월 30, 2019 14:44:05.08 [14852:14936:0830/144405.080:ERROR:CONSOLE(0)] "TypeError: Cannot read property 'expanded' of null", source:  (0)
8월 30, 2019 14:44:05.28 [14852:14936:0830/144405.288:ERROR:CONSOLE(0)] "TypeError: Cannot read property 'expanded' of null", source:  (0)
8월 30, 2019 14:44:05.43 [14852:14936:0830/144405.430:ERROR:CONSOLE(0)] "TypeError: Cannot read property 'expanded' of null", source:  (0)
8월 30, 2019 14:44:05.54 [14852:14936:0830/144405.542:ERROR:CONSOLE(0)] "TypeError: Cannot read property 'expanded' of null", source:  (0)
8월 30, 2019 14:44:07.77 [14852:14936:0830/144407.771:ERROR:CONSOLE(0)] "TypeError: Cannot read property 'expanded' of null", source:  (0)
8월 30, 2019 14:44:07.95 [14852:14936:0830/144407.949:ERROR:CONSOLE(0)] "TypeError: Cannot read property 'expanded' of null", source:  (0)
8월 30, 2019 14:44:08.19 [14852:14936:0830/144408.192:ERROR:CONSOLE(0)] "TypeError: Cannot read property 'expanded' of null", source:  (0)
8월 30, 2019 14:44:08.31 [14852:14936:0830/144408.314:ERROR:CONSOLE(0)] "TypeError: Cannot read property 'expanded' of null", source:  (0)
8월 30, 2019 14:44:08.45 [14852:14936:0830/144408.450:ERROR:CONSOLE(0)] "TypeError: Cannot read property 'expanded' of null", source:  (0)
8월 30, 2019 14:44:08.75 [14852:14936:0830/144408.754:ERROR:CONSOLE(0)] "TypeError: Cannot read property 'expanded' of null", source:  (0)
8월 30, 2019 14:44:08.99 [14852:14936:0830/144408.992:ERROR:CONSOLE(0)] "TypeError: Cannot read property 'expanded' of null", source:  (0)
8월 30, 2019 14:44:09.09 [14852:14936:0830/144409.096:ERROR:CONSOLE(0)] "TypeError: Cannot read property 'expanded' of null", source:  (0)
8월 30, 2019 14:44:09.22 [14852:14936:0830/144409.224:ERROR:CONSOLE(0)] "TypeError: Cannot read property 'expanded' of null", source:  (0)
8월 30, 2019 14:44:09.33 [14852:14936:0830/144409.336:ERROR:CONSOLE(0)] "TypeError: Cannot read property 'expanded' of null", source:  (0)
8월 30, 2019 14:44:09.45 [14852:14936:0830/144409.457:ERROR:CONSOLE(0)] "TypeError: Cannot read property 'expanded' of null", source:  (0)
8월 30, 2019 14:44:09.61 [14852:14936:0830/144409.616:ERROR:CONSOLE(0)] "TypeError: Cannot read property 'expanded' of null", source:  (0)
8월 30, 2019 14:44:09.89 [14852:14936:0830/144409.890:ERROR:CONSOLE(0)] "TypeError: Cannot read property 'expanded' of null", source:  (0)
8월 30, 2019 14:44:09.99 [14852:14936:0830/144409.991:ERROR:CONSOLE(0)] "TypeError: Cannot read property 'expanded' of null", source:  (0)
8월 30, 2019 14:44:10.21 [14852:14936:0830/144410.218:ERROR:CONSOLE(0)] "TypeError: Cannot read property 'expanded' of null", source:  (0)
8월 30, 2019 14:44:24.31 [14852:14936:0830/144424.314:ERROR:CONSOLE(0)] "TypeError: Cannot read property 'expanded' of null", source:  (0)
8월 30, 2019 14:44:24.45 [14852:14936:0830/144424.458:ERROR:CONSOLE(0)] "TypeError: Cannot read property 'expanded' of null", source:  (0)
8월 30, 2019 14:44:24.57 [14852:14936:0830/144424.573:ERROR:CONSOLE(0)] "TypeError: Cannot read property 'expanded' of null", source:  (0)
8월 30, 2019 14:44:24.69 [14852:14936:0830/144424.691:ERROR:CONSOLE(0)] "TypeError: Cannot read property 'expanded' of null", source:  (0)
8월 30, 2019 14:44:24.87 [14852:14936:0830/144424.875:ERROR:CONSOLE(0)] "TypeError: Cannot read property 'expanded' of null", source:  (0)
8월 30, 2019 14:44:25.00 [14852:14936:0830/144425.001:ERROR:CONSOLE(0)] "TypeError: Cannot read property 'expanded' of null", source:  (0)
8월 30, 2019 14:44:25.18 [14852:14936:0830/144425.186:ERROR:CONSOLE(0)] "TypeError: Cannot read property 'expanded' of null", source:  (0)
8월 30, 2019 14:44:25.31 [14852:14936:0830/144425.315:ERROR:CONSOLE(0)] "TypeError: Cannot read property 'expanded' of null", source:  (0)
8월 30, 2019 14:44:25.43 [14852:14936:0830/144425.434:ERROR:CONSOLE(0)] "TypeError: Cannot read property 'expanded' of null", source:  (0)
8월 30, 2019 14:44:25.55 [14852:14936:0830/144425.549:ERROR:CONSOLE(0)] "TypeError: Cannot read property 'expanded' of null", source:  (0)
8월 30, 2019 14:45:53.01 [14852:14936:0830/144553.009:ERROR:CONSOLE(0)] "TypeError: Cannot read property 'expanded' of null", source:  (0)
8월 30, 2019 14:45:53.13 [14852:14936:0830/144553.133:ERROR:CONSOLE(0)] "TypeError: Cannot read property 'expanded' of null", source:  (0)
8월 30, 2019 14:46:08.35 [14852:14936:0830/144608.358:ERROR:CONSOLE(0)] "TypeError: Cannot read property 'expanded' of null", source:  (0)
8월 30, 2019 14:46:08.49 [14852:14936:0830/144608.496:ERROR:CONSOLE(0)] "TypeError: Cannot read property 'expanded' of null", source:  (0)
8월 30, 2019 14:46:10.08 [14852:14936:0830/144610.082:ERROR:CONSOLE(0)] "TypeError: Cannot read property 'expanded' of null", source:  (0)
8월 30, 2019 14:46:10.19 [14852:14936:0830/144610.198:ERROR:CONSOLE(0)] "TypeError: Cannot read property 'expanded' of null", source:  (0)
8월 30, 2019 14:46:10.41 [14852:14936:0830/144610.411:ERROR:CONSOLE(0)] "TypeError: Cannot read property 'expanded' of null", source:  (0)
8월 30, 2019 14:46:10.53 [14852:14936:0830/144610.534:ERROR:CONSOLE(0)] "TypeError: Cannot read property 'expanded' of null", source:  (0)
8월 30, 2019 14:46:10.66 [14852:14936:0830/144610.660:ERROR:CONSOLE(0)] "TypeError: Cannot read property 'expanded' of null", source:  (0)
8월 30, 2019 14:46:10.77 [14852:14936:0830/144610.773:ERROR:CONSOLE(0)] "TypeError: Cannot read property 'expanded' of null", source:  (0)
8월 30, 2019 14:46:10.88 [14852:14936:0830/144610.881:ERROR:CONSOLE(0)] "TypeError: Cannot read property 'expanded' of null", source:  (0)
8월 30, 2019 14:46:11.02 [14852:14936:0830/144611.020:ERROR:CONSOLE(0)] "TypeError: Cannot read property 'expanded' of null", source:  (0)
8월 30, 2019 14:46:11.15 [14852:14936:0830/144611.156:ERROR:CONSOLE(0)] "TypeError: Cannot read property 'expanded' of null", source:  (0)
8월 30, 2019 15:06:08.14 [14852:14936:0830/150608.141:ERROR:CONSOLE(0)] "TypeError: Cannot read property 'expanded' of null", source:  (0)
8월 30, 2019 15:06:08.24 [14852:14936:0830/150608.245:ERROR:CONSOLE(0)] "TypeError: Cannot read property 'expanded' of null", source:  (0)
8월 30, 2019 15:06:08.53 [14852:14936:0830/150608.531:ERROR:CONSOLE(0)] "TypeError: Cannot read property 'expanded' of null", source:  (0)
8월 30, 2019 15:06:08.92 [14852:14936:0830/150608.919:ERROR:CONSOLE(0)] "TypeError: Cannot read property 'expanded' of null", source:  (0)
8월 30, 2019 15:06:09.03 [14852:14936:0830/150609.036:ERROR:CONSOLE(0)] "TypeError: Cannot read property 'expanded' of null", source:  (0)
8월 30, 2019 15:06:09.14 [14852:14936:0830/150609.146:ERROR:CONSOLE(0)] "TypeError: Cannot read property 'expanded' of null", source:  (0)
8월 30, 2019 15:06:09.26 [14852:14936:0830/150609.261:ERROR:CONSOLE(0)] "TypeError: Cannot read property 'expanded' of null", source:  (0)
8월 30, 2019 15:06:09.47 [14852:14936:0830/150609.476:ERROR:CONSOLE(0)] "TypeError: Cannot read property 'expanded' of null", source:  (0)
8월 30, 2019 15:06:09.59 [14852:14936:0830/150609.590:ERROR:CONSOLE(0)] "TypeError: Cannot read property 'expanded' of null", source:  (0)
8월 30, 2019 15:06:09.69 [14852:14936:0830/150609.697:ERROR:CONSOLE(0)] "TypeError: Cannot read property 'expanded' of null", source:  (0)
8월 30, 2019 15:06:09.81 [14852:14936:0830/150609.817:ERROR:CONSOLE(0)] "TypeError: Cannot read property 'expanded' of null", source:  (0)
8월 30, 2019 15:06:09.95 [14852:14936:0830/150609.958:ERROR:CONSOLE(0)] "TypeError: Cannot read property 'expanded' of null", source:  (0)
8월 30, 2019 15:06:10.85 [14852:14936:0830/150610.851:ERROR:CONSOLE(0)] "TypeError: Cannot read property 'expanded' of null", source:  (0)
8월 30, 2019 15:06:10.97 [14852:14936:0830/150610.976:ERROR:CONSOLE(0)] "TypeError: Cannot read property 'expanded' of null", source:  (0)
8월 30, 2019 15:06:11.08 [14852:14936:0830/150611.086:ERROR:CONSOLE(0)] "TypeError: Cannot read property 'expanded' of null", source:  (0)
8월 30, 2019 16:21:07.92 [14852:2932:0830/162107.921:ERROR:browser_process_sub_thread.cc(203)] Waited 306 ms for network service
